 ***********************************************************************
 ***************       output file for process of         **************
 ***************            branch=1 rank=0               **************
 ***************         running entity index=4           **************
 ***********************************************************************

  
 Valores Enviados a la barra No.2
   1.0812815427780151        1.8192639350891113        1.9796428680419922        1.5114992856979370       0.56346523761749268      -0.56346511840820312       -1.5114989280700684       -1.9796428680419922       -1.8192639350891113       -1.0812817811965942        0.0000000000000000     

ECUACIÓN DE CALOR EN UNA SOLA DIMENSION (X)
dU/dt - K * d2U/dx2 = f(x,t)

Resuelve la ecuacion en el dominio
 0.45455E+00 < x <  0.10000E+01
 Con           5  puntos en direccion x
El valor de delta x es  0.90909E-01
El valor de delta t es  0.33333E-01
El valor de kappa es  0.62500E-01
El valor de CFL  0.25208E+00
 Condiciones iniciales
       X               U
#Tiempo=   0.00000E+00
 0.45455E+00      0.56347E+00
 0.54545E+00     -0.56347E+00
 0.63636E+00     -0.15115E+01
 0.72727E+00     -0.19796E+01
 0.81818E+00     -0.18193E+01
 0.90909E+00     -0.10813E+01
 0.10000E+01      0.00000E+00
#Tiempo=   0.33333E-01
 0.45455E+00      0.56347E+00
 0.54545E+00     -0.51837E+00
 0.63636E+00     -0.13905E+01
 0.72727E+00     -0.18212E+01
 0.81818E+00     -0.16737E+01
 0.90909E+00     -0.99474E+00
 0.10000E+01      0.00000E+00
#Tiempo=   0.66667E-01
 0.45455E+00      0.56347E+00
 0.54545E+00     -0.46551E+00
 0.63636E+00     -0.12792E+01
 0.72727E+00     -0.16754E+01
 0.81818E+00     -0.15397E+01
 0.90909E+00     -0.91513E+00
 0.10000E+01      0.00000E+00
#Tiempo=   0.10000E+00
 0.45455E+00      0.56347E+00
 0.54545E+00     -0.41125E+00
 0.63636E+00     -0.11740E+01
 0.72727E+00     -0.15413E+01
 0.81818E+00     -0.14165E+01
 0.90909E+00     -0.84189E+00
 0.10000E+01      0.00000E+00
#Tiempo=   0.13333E+00
 0.45455E+00      0.56347E+00
 0.54545E+00     -0.35781E+00
 0.63636E+00     -0.10743E+01
 0.72727E+00     -0.14173E+01
 0.81818E+00     -0.13031E+01
 0.90909E+00     -0.77451E+00
 0.10000E+01      0.00000E+00
#Tiempo=   0.16667E+00
 0.45455E+00      0.56347E+00
 0.54545E+00     -0.30619E+00
 0.63636E+00     -0.98015E+00
 0.72727E+00     -0.13020E+01
 0.81818E+00     -0.11986E+01
 0.90909E+00     -0.71252E+00
 0.10000E+01      0.00000E+00
#Tiempo=   0.20000E+00
 0.45455E+00      0.56347E+00
 0.54545E+00     -0.25686E+00
 0.63636E+00     -0.89140E+00
 0.72727E+00     -0.11948E+01
 0.81818E+00     -0.11022E+01
 0.90909E+00     -0.65545E+00
 0.10000E+01      0.00000E+00
