 ***********************************************************************
 ***************       output file for process of         **************
 ***************            branch=0 rank=0               **************
 ***************         running entity index=1           **************
 ***********************************************************************


ECUACIÓN DE CALOR EN UNA SOLA DIMENSION (X)
dU/dt - K * d2U/dx2 = f(x,t)

Resuelve la ecuacion en el dominio
 0.00000E+00 < x <  0.10000E+01
 Con          10  puntos en direccion x
El valor de delta x es  0.90909E-01
El valor de delta t es  0.33333E-01
El valor de kappa es  0.62500E-01
El valor de CFL  0.25208E+00
 Condiciones iniciales
       X               U
#Tiempo=   0.00000E+00
 0.00000E+00      0.00000E+00
 0.90909E-01      0.10813E+01
 0.18182E+00      0.18193E+01
 0.27273E+00      0.19796E+01
 0.36364E+00      0.15115E+01
 0.45455E+00      0.56347E+00
 0.54545E+00     -0.56347E+00
 0.63636E+00     -0.15115E+01
 0.72727E+00     -0.19796E+01
 0.81818E+00     -0.18193E+01
 0.90909E+00     -0.10813E+01
 0.10000E+01      0.00000E+00
El valor de t_min en solver es  0.00000E+00
El valor de delta t en solver es  0.33333E-01
El valor de lambda en solver es  0.25208E+00
 DATOS RECIBIDOS DESDE CODIGO No. 1, X
   0.0000000000000000        9.0909093618392944E-002  0.18181818723678589       0.27272728085517883       0.36363637447357178       0.45454546809196472       0.54545456171035767       0.63636362552642822       0.72727274894714355       0.81818187236785889       0.90909093618392944        1.0000000000000000     
 DATOS RECIBIDOS DESDE CODIGO No. 1, U
   0.0000000000000000        1.0812815427780151        1.8192639350891113        1.9796428680419922        1.5114992856979370       0.56346523761749268      -0.56346511840820312       -1.5114989280700684       -1.9796428680419922       -1.8192639350891113       -1.0812817811965942        0.0000000000000000     
#Tiempo=   0.33333E-01
 0.00000E+00      0.00000E+00
 0.90909E-01      0.99474E+00
 0.18182E+00      0.16737E+01
 0.27273E+00      0.18212E+01
 0.36364E+00      0.13905E+01
 0.45455E+00      0.51837E+00
 0.54545E+00     -0.51837E+00
 0.63636E+00     -0.13905E+01
 0.72727E+00     -0.18212E+01
 0.81818E+00     -0.16737E+01
 0.90909E+00     -0.99474E+00
 0.10000E+01      0.00000E+00
El valor de t_min en solver es  0.00000E+00
El valor de delta t en solver es  0.33333E-01
El valor de lambda en solver es  0.25208E+00
 DATOS RECIBIDOS DESDE CODIGO No. 1, U
   0.0000000000000000       0.99474155246645168        1.6736597362182428        1.8212028243937115        1.3905269028681093       0.51836846200561015      -0.51836828269497315       -1.3905266954936093       -1.8212027342416903       -1.6736597963195903      -0.99474167068233588        0.0000000000000000     
El valor de t_min en solver es  0.00000E+00
El valor de delta t en solver es  0.33333E-01
El valor de lambda en solver es  0.25208E+00
 DATOS RECIBIDOS DESDE CODIGO No. 1, X
   0.0000000000000000        9.0909093618392944E-002  0.18181818723678589       0.27272728085517883       0.36363637447357178       0.45454546809196472       0.54545456171035767       0.63636362552642822       0.72727274894714355       0.81818187236785889       0.90909093618392944        1.0000000000000000     
 DATOS RECIBIDOS DESDE CODIGO No. 1, U
   0.0000000000000000       0.99474155246645168        1.6736597362182428        1.8212028243937115        1.3905269028681093       0.51836846200561015      -0.51836828269497315       -1.3905266954936093       -1.8212027342416903       -1.6736597963195903      -0.99474167068233588        0.0000000000000000     
#Tiempo=   0.66667E-01
 0.00000E+00      0.00000E+00
 0.90909E-01      0.91513E+00
 0.18182E+00      0.15397E+01
 0.27273E+00      0.16754E+01
 0.36364E+00      0.12792E+01
 0.45455E+00      0.47688E+00
 0.54545E+00     -0.47688E+00
 0.63636E+00     -0.12792E+01
 0.72727E+00     -0.16754E+01
 0.81818E+00     -0.15397E+01
 0.90909E+00     -0.91513E+00
 0.10000E+01      0.00000E+00
El valor de t_min en solver es  0.00000E+00
El valor de delta t en solver es  0.33333E-01
El valor de lambda en solver es  0.25208E+00
 DATOS RECIBIDOS DESDE CODIGO No. 1, U
   0.0000000000000000       0.91512774849531209        1.5397089368631123        1.6754434555475182        1.2792365227603342       0.47688101643439312      -0.47688083004932430       -1.2792363520100980       -1.6754433737220333       -1.5397089737377969      -0.91512782226123801        0.0000000000000000     
El valor de t_min en solver es  0.00000E+00
El valor de delta t en solver es  0.33333E-01
El valor de lambda en solver es  0.25208E+00
 DATOS RECIBIDOS DESDE CODIGO No. 1, X
   0.0000000000000000        9.0909093618392944E-002  0.18181818723678589       0.27272728085517883       0.36363637447357178       0.45454546809196472       0.54545456171035767       0.63636362552642822       0.72727274894714355       0.81818187236785889       0.90909093618392944        1.0000000000000000     
 DATOS RECIBIDOS DESDE CODIGO No. 1, U
   0.0000000000000000       0.91512774849531209        1.5397089368631123        1.6754434555475182        1.2792365227603342       0.47688101643439312      -0.47688083004932430       -1.2792363520100980       -1.6754433737220333       -1.5397089737377969      -0.91512782226123801        0.0000000000000000     
#Tiempo=   0.10000E+00
 0.00000E+00      0.00000E+00
 0.90909E-01      0.84189E+00
 0.18182E+00      0.14165E+01
 0.27273E+00      0.15413E+01
 0.36364E+00      0.11769E+01
 0.45455E+00      0.43871E+00
 0.54545E+00     -0.43871E+00
 0.63636E+00     -0.11769E+01
 0.72727E+00     -0.15413E+01
 0.81818E+00     -0.14165E+01
 0.90909E+00     -0.84189E+00
 0.10000E+01      0.00000E+00
El valor de t_min en solver es  0.00000E+00
El valor de delta t en solver es  0.33333E-01
El valor de lambda en solver es  0.25208E+00
 DATOS RECIBIDOS DESDE CODIGO No. 1, U
   0.0000000000000000       0.84188580640400512        1.4164788443892378        1.5413498873168379        1.1768532410909953       0.43871400322581877      -0.43871382078203053       -1.1768530888159252       -1.5413498129972394       -1.4164788606412559      -0.84188585227510471        0.0000000000000000     
El valor de t_min en solver es  0.00000E+00
El valor de delta t en solver es  0.33333E-01
El valor de lambda en solver es  0.25208E+00
 DATOS RECIBIDOS DESDE CODIGO No. 1, X
   0.0000000000000000        9.0909093618392944E-002  0.18181818723678589       0.27272728085517883       0.36363637447357178       0.45454546809196472       0.54545456171035767       0.63636362552642822       0.72727274894714355       0.81818187236785889       0.90909093618392944        1.0000000000000000     
 DATOS RECIBIDOS DESDE CODIGO No. 1, U
   0.0000000000000000       0.84188580640400512        1.4164788443892378        1.5413498873168379        1.1768532410909953       0.43871400322581877      -0.43871382078203053       -1.1768530888159252       -1.5413498129972394       -1.4164788606412559      -0.84188585227510471        0.0000000000000000     
#Tiempo=   0.13333E+00
 0.00000E+00      0.00000E+00
 0.90909E-01      0.77451E+00
 0.18182E+00      0.13031E+01
 0.27273E+00      0.14180E+01
 0.36364E+00      0.10827E+01
 0.45455E+00      0.40360E+00
 0.54545E+00     -0.40360E+00
 0.63636E+00     -0.10827E+01
 0.72727E+00     -0.14180E+01
 0.81818E+00     -0.13031E+01
 0.90909E+00     -0.77451E+00
 0.10000E+01      0.00000E+00
El valor de t_min en solver es  0.00000E+00
El valor de delta t en solver es  0.33333E-01
El valor de lambda en solver es  0.25208E+00
 DATOS RECIBIDOS DESDE CODIGO No. 1, U
   0.0000000000000000       0.77450575737722915        1.3031114298697113        1.4179884545240933        1.0826641753258259       0.40360167370533012      -0.40360149886657259       -1.0826640350969994       -1.4179883833848146       -1.3031114307566118      -0.77450578421851313        0.0000000000000000     
El valor de t_min en solver es  0.00000E+00
El valor de delta t en solver es  0.33333E-01
El valor de lambda en solver es  0.25208E+00
 DATOS RECIBIDOS DESDE CODIGO No. 1, X
   0.0000000000000000        9.0909093618392944E-002  0.18181818723678589       0.27272728085517883       0.36363637447357178       0.45454546809196472       0.54545456171035767       0.63636362552642822       0.72727274894714355       0.81818187236785889       0.90909093618392944        1.0000000000000000     
 DATOS RECIBIDOS DESDE CODIGO No. 1, U
   0.0000000000000000       0.77450575737722915        1.3031114298697113        1.4179884545240933        1.0826641753258259       0.40360167370533012      -0.40360149886657259       -1.0826640350969994       -1.4179883833848146       -1.3031114307566118      -0.77450578421851313        0.0000000000000000     
#Tiempo=   0.16667E+00
 0.00000E+00      0.00000E+00
 0.90909E-01      0.71252E+00
 0.18182E+00      0.11988E+01
 0.27273E+00      0.13045E+01
 0.36364E+00      0.99601E+00
 0.45455E+00      0.37130E+00
 0.54545E+00     -0.37130E+00
 0.63636E+00     -0.99601E+00
 0.72727E+00     -0.13045E+01
 0.81818E+00     -0.11988E+01
 0.90909E+00     -0.71252E+00
 0.10000E+01      0.00000E+00
El valor de t_min en solver es  0.00000E+00
El valor de delta t en solver es  0.33333E-01
El valor de lambda en solver es  0.25208E+00
 DATOS RECIBIDOS DESDE CODIGO No. 1, U
   0.0000000000000000       0.71251844708358125        1.1988173378894995        1.3045002142512243       0.99601350229714281       0.37129954768034723      -0.37129938156617603      -0.99601337076005259       -1.3045001438522215       -1.1988173271624687      -0.71251846061595803        0.0000000000000000     
