 ***********************************************************************
 ***************       output file for process of         **************
 ***************            branch=0 rank=0               **************
 ***************         running entity index=2           **************
 ***********************************************************************


ECUACIÓN DE CALOR EN UNA SOLA DIMENSION (X)
dU/dt - K * d2U/dx2 = f(x,t)

Resuelve la ecuacion en el dominio
 0.00000E+00 < x <  0.10000E+01
 Con          10  puntos en direccion x
El valor de delta x es  0.90909E-01
El valor de delta t es  0.33333E-01
El valor de kappa es  0.62500E-01
El valor de CFL  0.25208E+00
 Condiciones iniciales
       X               U
#Tiempo=   0.00000E+00
 0.00000E+00      0.00000E+00
 0.90909E-01      0.10813E+01
 0.18182E+00      0.18193E+01
 0.27273E+00      0.19796E+01
 0.36364E+00      0.15115E+01
 0.45455E+00      0.56347E+00
 0.54545E+00     -0.56347E+00
 0.63636E+00     -0.15115E+01
 0.72727E+00     -0.19796E+01
 0.81818E+00     -0.18193E+01
 0.90909E+00     -0.10813E+01
 0.10000E+01      0.00000E+00
 ***********************************************************************
 ***************       output file for process of         **************
 ***************            branch=0 rank=0               **************
 ***************         running entity index=4           **************
 ***********************************************************************

#Tiempo=   0.33333E-01
 0.00000E+00      0.00000E+00
 0.90909E-01      0.99474E+00
 0.18182E+00      0.16737E+01
 0.27273E+00      0.18212E+01
 0.36364E+00      0.13905E+01
 0.45455E+00      0.51837E+00
 0.54545E+00     -0.51837E+00
 0.63636E+00     -0.13905E+01
 0.72727E+00     -0.18212E+01
 0.81818E+00     -0.16737E+01
 0.90909E+00     -0.99474E+00
 0.10000E+01      0.00000E+00
 ***********************************************************************
 ***************       output file for process of         **************
 ***************            branch=0 rank=0               **************
 ***************         running entity index=4           **************
 ***********************************************************************

#Tiempo=   0.66667E-01
 0.00000E+00      0.00000E+00
 0.90909E-01      0.91513E+00
 0.18182E+00      0.15397E+01
 0.27273E+00      0.16754E+01
 0.36364E+00      0.12792E+01
 0.45455E+00      0.47688E+00
 0.54545E+00     -0.47688E+00
 0.63636E+00     -0.12792E+01
 0.72727E+00     -0.16754E+01
 0.81818E+00     -0.15397E+01
 0.90909E+00     -0.91513E+00
 0.10000E+01      0.00000E+00
 ***********************************************************************
 ***************       output file for process of         **************
 ***************            branch=0 rank=0               **************
 ***************         running entity index=4           **************
 ***********************************************************************

#Tiempo=   0.10000E+00
 0.00000E+00      0.00000E+00
 0.90909E-01      0.84189E+00
 0.18182E+00      0.14165E+01
 0.27273E+00      0.15413E+01
 0.36364E+00      0.11769E+01
 0.45455E+00      0.43871E+00
 0.54545E+00     -0.43871E+00
 0.63636E+00     -0.11769E+01
 0.72727E+00     -0.15413E+01
 0.81818E+00     -0.14165E+01
 0.90909E+00     -0.84189E+00
 0.10000E+01      0.00000E+00
 ***********************************************************************
 ***************       output file for process of         **************
 ***************            branch=0 rank=0               **************
 ***************         running entity index=4           **************
 ***********************************************************************

#Tiempo=   0.13333E+00
 0.00000E+00      0.00000E+00
 0.90909E-01      0.77451E+00
 0.18182E+00      0.13031E+01
 0.27273E+00      0.14180E+01
 0.36364E+00      0.10827E+01
 0.45455E+00      0.40360E+00
 0.54545E+00     -0.40360E+00
 0.63636E+00     -0.10827E+01
 0.72727E+00     -0.14180E+01
 0.81818E+00     -0.13031E+01
 0.90909E+00     -0.77451E+00
 0.10000E+01      0.00000E+00
 ***********************************************************************
 ***************       output file for process of         **************
 ***************            branch=0 rank=0               **************
 ***************         running entity index=4           **************
 ***********************************************************************

#Tiempo=   0.16667E+00
 0.00000E+00      0.00000E+00
 0.90909E-01      0.71252E+00
 0.18182E+00      0.11988E+01
 0.27273E+00      0.13045E+01
 0.36364E+00      0.99601E+00
 0.45455E+00      0.37130E+00
 0.54545E+00     -0.37130E+00
 0.63636E+00     -0.99601E+00
 0.72727E+00     -0.13045E+01
 0.81818E+00     -0.11988E+01
 0.90909E+00     -0.71252E+00
 0.10000E+01      0.00000E+00
 ***********************************************************************
 ***************       output file for process of         **************
 ***************            branch=0 rank=0               **************
 ***************         running entity index=4           **************
 ***********************************************************************

#Tiempo=   0.20000E+00
 0.00000E+00      0.00000E+00
 0.90909E-01      0.65549E+00
 0.18182E+00      0.11029E+01
 0.27273E+00      0.12001E+01
 0.36364E+00      0.91630E+00
 0.45455E+00      0.34158E+00
 0.54545E+00     -0.34158E+00
 0.63636E+00     -0.91630E+00
 0.72727E+00     -0.12001E+01
 0.81818E+00     -0.11029E+01
 0.90909E+00     -0.65549E+00
 0.10000E+01      0.00000E+00
