 ***********************************************************************
 ***************       output file for process of         **************
 ***************            branch=1 rank=0               **************
 ***************         running entity index=6           **************
 ***********************************************************************

  

REFINAMIENTO DEL DOMINIO DE LA ECUACIÓN DE CALOR EN UNA SOLA DIMENSION (X)
dU/dt - K * d2U/dx2 = f(x,t)

Resuelve la ecuacion en el dominio
 0.45455E+00 < x <  0.54545E+00
 Con           3  puntos en direccion x
El valor de delta x es  0.22727E-01
El valor de delta t es  0.33333E-01
El valor de kappa es  0.62500E-01
El valor de CFL  0.40333E+01


 Condiciones iniciales
       X               U
#Tiempo=   0.33333E-01
 0.45455E+00      0.51837E+00
 0.47727E+00      0.25918E+00
 0.50000E+00      0.89655E-07
 0.52273E+00     -0.25918E+00
 0.54545E+00     -0.51837E+00
 ***********************************************************************
 ***************       output file for process of         **************
 ***************            branch=1 rank=0               **************
 ***************         running entity index=5           **************
 ***********************************************************************

Refinamiento
#Tiempo=   0.41667E-01
 0.45455E+00      0.51837E+00
 0.47727E+00      0.25918E+00
 0.50000E+00      0.87652E-07
 0.52273E+00     -0.25918E+00
 0.54545E+00     -0.51837E+00

Refinamiento
#Tiempo=   0.50000E-01
 0.45455E+00      0.51837E+00
 0.47727E+00      0.25918E+00
 0.50000E+00      0.11797E-06
 0.52273E+00     -0.25918E+00
 0.54545E+00     -0.51837E+00

Refinamiento
#Tiempo=   0.58333E-01
 0.45455E+00      0.51837E+00
 0.47727E+00      0.25919E+00
 0.50000E+00     -0.27565E-06
 0.52273E+00     -0.25919E+00
 0.54545E+00     -0.51837E+00

 ***********************************************************************
 ***************       output file for process of         **************
 ***************            branch=1 rank=0               **************
 ***************         running entity index=6           **************
 ***********************************************************************

  

REFINAMIENTO DEL DOMINIO DE LA ECUACIÓN DE CALOR EN UNA SOLA DIMENSION (X)
dU/dt - K * d2U/dx2 = f(x,t)

Resuelve la ecuacion en el dominio
 0.45455E+00 < x <  0.54545E+00
 Con           3  puntos en direccion x
El valor de delta x es  0.22727E-01
El valor de delta t es  0.33333E-01
El valor de kappa es  0.62500E-01
El valor de CFL  0.40333E+01


 Condiciones iniciales
       X               U
#Tiempo=   0.66667E-01
 0.45455E+00      0.47688E+00
 0.47727E+00      0.23844E+00
 0.50000E+00      0.93193E-07
 0.52273E+00     -0.23844E+00
 0.54545E+00     -0.47688E+00
 ***********************************************************************
 ***************       output file for process of         **************
 ***************            branch=1 rank=0               **************
 ***************         running entity index=5           **************
 ***********************************************************************

Refinamiento
#Tiempo=   0.75000E-01
 0.45455E+00      0.47688E+00
 0.47727E+00      0.23844E+00
 0.50000E+00      0.12276E-06
 0.52273E+00     -0.23844E+00
 0.54545E+00     -0.47688E+00

Refinamiento
#Tiempo=   0.83333E-01
 0.45455E+00      0.47688E+00
 0.47727E+00      0.23844E+00
 0.50000E+00     -0.32465E-06
 0.52273E+00     -0.23844E+00
 0.54545E+00     -0.47688E+00

Refinamiento
#Tiempo=   0.91667E-01
 0.45455E+00      0.47688E+00
 0.47727E+00      0.23844E+00
 0.50000E+00      0.54842E-05
 0.52273E+00     -0.23844E+00
 0.54545E+00     -0.47688E+00

 ***********************************************************************
 ***************       output file for process of         **************
 ***************            branch=1 rank=0               **************
 ***************         running entity index=6           **************
 ***********************************************************************

  

REFINAMIENTO DEL DOMINIO DE LA ECUACIÓN DE CALOR EN UNA SOLA DIMENSION (X)
dU/dt - K * d2U/dx2 = f(x,t)

Resuelve la ecuacion en el dominio
 0.45455E+00 < x <  0.54545E+00
 Con           3  puntos en direccion x
El valor de delta x es  0.22727E-01
El valor de delta t es  0.33333E-01
El valor de kappa es  0.62500E-01
El valor de CFL  0.40333E+01


 Condiciones iniciales
       X               U
#Tiempo=   0.10000E+00
 0.45455E+00      0.43871E+00
 0.47727E+00      0.21936E+00
 0.50000E+00      0.91222E-07
 0.52273E+00     -0.21936E+00
 0.54545E+00     -0.43871E+00
 ***********************************************************************
 ***************       output file for process of         **************
 ***************            branch=1 rank=0               **************
 ***************         running entity index=5           **************
 ***********************************************************************

Refinamiento
#Tiempo=   0.10833E+00
 0.45455E+00      0.43871E+00
 0.47727E+00      0.21936E+00
 0.50000E+00      0.76581E-07
 0.52273E+00     -0.21936E+00
 0.54545E+00     -0.43871E+00

Refinamiento
#Tiempo=   0.11667E+00
 0.45455E+00      0.43871E+00
 0.47727E+00      0.21936E+00
 0.50000E+00      0.29814E-06
 0.52273E+00     -0.21936E+00
 0.54545E+00     -0.43871E+00

Refinamiento
#Tiempo=   0.12500E+00
 0.45455E+00      0.43871E+00
 0.47727E+00      0.21936E+00
 0.50000E+00     -0.25784E-05
 0.52273E+00     -0.21936E+00
 0.54545E+00     -0.43871E+00

 ***********************************************************************
 ***************       output file for process of         **************
 ***************            branch=1 rank=0               **************
 ***************         running entity index=6           **************
 ***********************************************************************

  

REFINAMIENTO DEL DOMINIO DE LA ECUACIÓN DE CALOR EN UNA SOLA DIMENSION (X)
dU/dt - K * d2U/dx2 = f(x,t)

Resuelve la ecuacion en el dominio
 0.45455E+00 < x <  0.54545E+00
 Con           3  puntos en direccion x
El valor de delta x es  0.22727E-01
El valor de delta t es  0.33333E-01
El valor de kappa es  0.62500E-01
El valor de CFL  0.40333E+01


 Condiciones iniciales
       X               U
#Tiempo=   0.13333E+00
 0.45455E+00      0.40360E+00
 0.47727E+00      0.20180E+00
 0.50000E+00      0.87419E-07
 0.52273E+00     -0.20180E+00
 0.54545E+00     -0.40360E+00
 ***********************************************************************
 ***************       output file for process of         **************
 ***************            branch=1 rank=0               **************
 ***************         running entity index=5           **************
 ***********************************************************************

Refinamiento
#Tiempo=   0.14167E+00
 0.45455E+00      0.40360E+00
 0.47727E+00      0.20180E+00
 0.50000E+00      0.10345E-06
 0.52273E+00     -0.20180E+00
 0.54545E+00     -0.40360E+00

Refinamiento
#Tiempo=   0.15000E+00
 0.45455E+00      0.40360E+00
 0.47727E+00      0.20180E+00
 0.50000E+00     -0.13918E-06
 0.52273E+00     -0.20180E+00
 0.54545E+00     -0.40360E+00

Refinamiento
#Tiempo=   0.15833E+00
 0.45455E+00      0.40360E+00
 0.47727E+00      0.20180E+00
 0.50000E+00      0.30111E-05
 0.52273E+00     -0.20180E+00
 0.54545E+00     -0.40360E+00

 ***********************************************************************
 ***************       output file for process of         **************
 ***************            branch=1 rank=0               **************
 ***************         running entity index=6           **************
 ***********************************************************************

  

REFINAMIENTO DEL DOMINIO DE LA ECUACIÓN DE CALOR EN UNA SOLA DIMENSION (X)
dU/dt - K * d2U/dx2 = f(x,t)

Resuelve la ecuacion en el dominio
 0.45455E+00 < x <  0.54545E+00
 Con           3  puntos en direccion x
El valor de delta x es  0.22727E-01
El valor de delta t es  0.33333E-01
El valor de kappa es  0.62500E-01
El valor de CFL  0.40333E+01


 Condiciones iniciales
       X               U
#Tiempo=   0.16667E+00
 0.45455E+00      0.37130E+00
 0.47727E+00      0.18565E+00
 0.50000E+00      0.83057E-07
 0.52273E+00     -0.18565E+00
 0.54545E+00     -0.37130E+00
 ***********************************************************************
 ***************       output file for process of         **************
 ***************            branch=1 rank=0               **************
 ***************         running entity index=5           **************
 ***********************************************************************

Refinamiento
#Tiempo=   0.17500E+00
 0.45455E+00      0.37130E+00
 0.47727E+00      0.18565E+00
 0.50000E+00      0.74178E-07
 0.52273E+00     -0.18565E+00
 0.54545E+00     -0.37130E+00

Refinamiento
#Tiempo=   0.18333E+00
 0.45455E+00      0.37130E+00
 0.47727E+00      0.18565E+00
 0.50000E+00      0.20855E-06
 0.52273E+00     -0.18565E+00
 0.54545E+00     -0.37130E+00

Refinamiento
#Tiempo=   0.19167E+00
 0.45455E+00      0.37130E+00
 0.47727E+00      0.18565E+00
 0.50000E+00     -0.15360E-05
 0.52273E+00     -0.18565E+00
 0.54545E+00     -0.37130E+00

