 ***********************************************************************
 ***************       output file for process of         **************
 ***************            branch=0 rank=0               **************
 ***************         running entity index=2           **************
 ***********************************************************************


ECUACIÓN DE CALOR EN UNA SOLA DIMENSION (X)
dU/dt - K * d2U/dx2 = f(x,t)

Resuelve la ecuacion en el dominio
 0.00000E+00 < x <  0.10000E+01
 Con          10  puntos en direccion x
El valor de delta x es  0.90909E-01
El valor de delta t es  0.33333E-01
El valor de kappa es  0.62500E-01
El valor de CFL  0.25208E+00
 Condiciones iniciales
       X               U
#Tiempo=   0.00000E+00
 0.00000E+00      0.00000E+00
 0.90909E-01      0.10813E+01
 0.18182E+00      0.18193E+01
 0.27273E+00      0.19796E+01
 0.36364E+00      0.15115E+01
 0.45455E+00      0.56347E+00
 0.54545E+00     -0.56347E+00
 0.63636E+00     -0.15115E+01
 0.72727E+00     -0.19796E+01
 0.81818E+00     -0.18193E+01
 0.90909E+00     -0.10813E+01
 0.10000E+01      0.00000E+00
 ***********************************************************************
 ***************       output file for process of         **************
 ***************            branch=0 rank=0               **************
 ***************         running entity index=3           **************
 ***********************************************************************

El valor de t_min en solver es  0.00000E+00
El valor de delta t en solver es  0.33333E-01
El valor de lambda en solver es  0.25208E+00
 DATOS RECIBIDOS DESDE CODIGO No. 1, X
   0.0000000000000000        9.0909093618392944E-002  0.18181818723678589       0.27272728085517883       0.36363637447357178       0.45454546809196472       0.54545456171035767       0.63636362552642822       0.72727274894714355       0.81818187236785889       0.90909093618392944        1.0000000000000000     
 DATOS RECIBIDOS DESDE CODIGO No. 1, U
   0.0000000000000000        1.0812815427780151        1.8192639350891113        1.9796428680419922        1.5114992856979370       0.56346523761749268      -0.56346511840820312       -1.5114989280700684       -1.9796428680419922       -1.8192639350891113       -1.0812817811965942        0.0000000000000000     
#Tiempo=   0.33333E-01
 0.00000E+00      0.00000E+00
 0.90909E-01      0.99474E+00
 0.18182E+00      0.16737E+01
 0.27273E+00      0.18212E+01
 0.36364E+00      0.13905E+01
 0.45455E+00      0.51837E+00
 0.54545E+00     -0.51837E+00
 0.63636E+00     -0.13905E+01
 0.72727E+00     -0.18212E+01
 0.81818E+00     -0.16737E+01
 0.90909E+00     -0.99474E+00
 0.10000E+01      0.00000E+00
