 ***********************************************************************
 ***************       output file for process of         **************
 ***************            branch=1 rank=0               **************
 ***************         running entity index=6           **************
 ***********************************************************************

  

REFINAMIENTO DEL DOMINIO DE LA ECUACIÓN DE CALOR EN UNA SOLA DIMENSION (X)
dU/dt - K * d2U/dx2 = f(x,t)

Resuelve la ecuacion en el dominio
 0.45455E+00 < x <  0.54545E+00
 Con          10  puntos en direccion x
El valor de delta x es  0.82645E-02
El valor de delta t es  0.33333E-01
El valor de kappa es  0.62500E-01
El valor de CFL  0.30502E+02


 Condiciones iniciales
       X               U
#Tiempo=   0.33333E-01
 0.45455E+00      0.51837E+00
 0.46281E+00      0.42412E+00
 0.47107E+00      0.32987E+00
 0.47934E+00      0.23562E+00
 0.48760E+00      0.14137E+00
 0.49587E+00      0.47124E-01
 0.50413E+00     -0.47124E-01
 0.51240E+00     -0.14137E+00
 0.52066E+00     -0.23562E+00
 0.52893E+00     -0.32987E+00
 0.53719E+00     -0.42412E+00
 0.54545E+00     -0.51837E+00
 ***********************************************************************
 ***************       output file for process of         **************
 ***************            branch=1 rank=0               **************
 ***************         running entity index=5           **************
 ***********************************************************************

Refinamiento
#Tiempo=   0.33333E-01
 0.45455E+00      0.51837E+00
 0.46281E+00      0.42412E+00
 0.47107E+00      0.32987E+00
 0.47934E+00      0.23562E+00
 0.48760E+00      0.14137E+00
 0.49587E+00      0.47124E-01
 0.50413E+00     -0.47124E-01
 0.51240E+00     -0.14137E+00
 0.52066E+00     -0.23562E+00
 0.52893E+00     -0.32987E+00
 0.53719E+00     -0.42412E+00
 0.54545E+00     -0.51837E+00

 ***********************************************************************
 ***************       output file for process of         **************
 ***************            branch=1 rank=0               **************
 ***************         running entity index=6           **************
 ***********************************************************************

  

REFINAMIENTO DEL DOMINIO DE LA ECUACIÓN DE CALOR EN UNA SOLA DIMENSION (X)
dU/dt - K * d2U/dx2 = f(x,t)

Resuelve la ecuacion en el dominio
 0.45455E+00 < x <  0.54545E+00
 Con          10  puntos en direccion x
El valor de delta x es  0.82645E-02
El valor de delta t es  0.33333E-01
El valor de kappa es  0.62500E-01
El valor de CFL  0.30502E+02


 Condiciones iniciales
       X               U
#Tiempo=   0.66667E-01
 0.45455E+00      0.47688E+00
 0.46281E+00      0.39018E+00
 0.47107E+00      0.30347E+00
 0.47934E+00      0.21676E+00
 0.48760E+00      0.13006E+00
 0.49587E+00      0.43353E-01
 0.50413E+00     -0.43353E-01
 0.51240E+00     -0.13006E+00
 0.52066E+00     -0.21676E+00
 0.52893E+00     -0.30347E+00
 0.53719E+00     -0.39018E+00
 0.54545E+00     -0.47688E+00
 ***********************************************************************
 ***************       output file for process of         **************
 ***************            branch=1 rank=0               **************
 ***************         running entity index=5           **************
 ***********************************************************************

Refinamiento
#Tiempo=   0.66667E-01
 0.45455E+00      0.47688E+00
 0.46281E+00      0.39018E+00
 0.47107E+00      0.30347E+00
 0.47934E+00      0.21676E+00
 0.48760E+00      0.13006E+00
 0.49587E+00      0.43353E-01
 0.50413E+00     -0.43352E-01
 0.51240E+00     -0.13006E+00
 0.52066E+00     -0.21676E+00
 0.52893E+00     -0.30347E+00
 0.53719E+00     -0.39018E+00
 0.54545E+00     -0.47688E+00

 ***********************************************************************
 ***************       output file for process of         **************
 ***************            branch=1 rank=0               **************
 ***************         running entity index=6           **************
 ***********************************************************************

  

REFINAMIENTO DEL DOMINIO DE LA ECUACIÓN DE CALOR EN UNA SOLA DIMENSION (X)
dU/dt - K * d2U/dx2 = f(x,t)

Resuelve la ecuacion en el dominio
 0.45455E+00 < x <  0.54545E+00
 Con          10  puntos en direccion x
El valor de delta x es  0.82645E-02
El valor de delta t es  0.33333E-01
El valor de kappa es  0.62500E-01
El valor de CFL  0.30502E+02


 Condiciones iniciales
       X               U
#Tiempo=   0.10000E+00
 0.45455E+00      0.43871E+00
 0.46281E+00      0.35895E+00
 0.47107E+00      0.27918E+00
 0.47934E+00      0.19942E+00
 0.48760E+00      0.11965E+00
 0.49587E+00      0.39883E-01
 0.50413E+00     -0.39883E-01
 0.51240E+00     -0.11965E+00
 0.52066E+00     -0.19942E+00
 0.52893E+00     -0.27918E+00
 0.53719E+00     -0.35895E+00
 0.54545E+00     -0.43871E+00
 ***********************************************************************
 ***************       output file for process of         **************
 ***************            branch=1 rank=0               **************
 ***************         running entity index=5           **************
 ***********************************************************************

Refinamiento
#Tiempo=   0.10000E+00
 0.45455E+00      0.43871E+00
 0.46281E+00      0.35895E+00
 0.47107E+00      0.27918E+00
 0.47934E+00      0.19942E+00
 0.48760E+00      0.11965E+00
 0.49587E+00      0.39883E-01
 0.50413E+00     -0.39883E-01
 0.51240E+00     -0.11965E+00
 0.52066E+00     -0.19941E+00
 0.52893E+00     -0.27918E+00
 0.53719E+00     -0.35895E+00
 0.54545E+00     -0.43871E+00

 ***********************************************************************
 ***************       output file for process of         **************
 ***************            branch=1 rank=0               **************
 ***************         running entity index=6           **************
 ***********************************************************************

  

REFINAMIENTO DEL DOMINIO DE LA ECUACIÓN DE CALOR EN UNA SOLA DIMENSION (X)
dU/dt - K * d2U/dx2 = f(x,t)

Resuelve la ecuacion en el dominio
 0.45455E+00 < x <  0.54545E+00
 Con          10  puntos en direccion x
El valor de delta x es  0.82645E-02
El valor de delta t es  0.33333E-01
El valor de kappa es  0.62500E-01
El valor de CFL  0.30502E+02


 Condiciones iniciales
       X               U
#Tiempo=   0.13333E+00
 0.45455E+00      0.40360E+00
 0.46281E+00      0.33022E+00
 0.47107E+00      0.25684E+00
 0.47934E+00      0.18346E+00
 0.48760E+00      0.11007E+00
 0.49587E+00      0.36691E-01
 0.50413E+00     -0.36691E-01
 0.51240E+00     -0.11007E+00
 0.52066E+00     -0.18346E+00
 0.52893E+00     -0.25684E+00
 0.53719E+00     -0.33022E+00
 0.54545E+00     -0.40360E+00
 ***********************************************************************
 ***************       output file for process of         **************
 ***************            branch=1 rank=0               **************
 ***************         running entity index=5           **************
 ***********************************************************************

Refinamiento
#Tiempo=   0.13333E+00
 0.45455E+00      0.40360E+00
 0.46281E+00      0.33022E+00
 0.47107E+00      0.25684E+00
 0.47934E+00      0.18346E+00
 0.48760E+00      0.11007E+00
 0.49587E+00      0.36691E-01
 0.50413E+00     -0.36691E-01
 0.51240E+00     -0.11007E+00
 0.52066E+00     -0.18345E+00
 0.52893E+00     -0.25684E+00
 0.53719E+00     -0.33022E+00
 0.54545E+00     -0.40360E+00

 ***********************************************************************
 ***************       output file for process of         **************
 ***************            branch=1 rank=0               **************
 ***************         running entity index=6           **************
 ***********************************************************************

  

REFINAMIENTO DEL DOMINIO DE LA ECUACIÓN DE CALOR EN UNA SOLA DIMENSION (X)
dU/dt - K * d2U/dx2 = f(x,t)

Resuelve la ecuacion en el dominio
 0.45455E+00 < x <  0.54545E+00
 Con          10  puntos en direccion x
El valor de delta x es  0.82645E-02
El valor de delta t es  0.33333E-01
El valor de kappa es  0.62500E-01
El valor de CFL  0.30502E+02


 Condiciones iniciales
       X               U
#Tiempo=   0.16667E+00
 0.45455E+00      0.37130E+00
 0.46281E+00      0.30379E+00
 0.47107E+00      0.23628E+00
 0.47934E+00      0.16877E+00
 0.48760E+00      0.10126E+00
 0.49587E+00      0.33755E-01
 0.50413E+00     -0.33754E-01
 0.51240E+00     -0.10126E+00
 0.52066E+00     -0.16877E+00
 0.52893E+00     -0.23628E+00
 0.53719E+00     -0.30379E+00
 0.54545E+00     -0.37130E+00
 ***********************************************************************
 ***************       output file for process of         **************
 ***************            branch=1 rank=0               **************
 ***************         running entity index=5           **************
 ***********************************************************************

Refinamiento
#Tiempo=   0.16667E+00
 0.45455E+00      0.37130E+00
 0.46281E+00      0.30379E+00
 0.47107E+00      0.23628E+00
 0.47934E+00      0.16877E+00
 0.48760E+00      0.10126E+00
 0.49587E+00      0.33755E-01
 0.50413E+00     -0.33754E-01
 0.51240E+00     -0.10126E+00
 0.52066E+00     -0.16877E+00
 0.52893E+00     -0.23628E+00
 0.53719E+00     -0.30379E+00
 0.54545E+00     -0.37130E+00

 ***********************************************************************
 ***************       output file for process of         **************
 ***************            branch=1 rank=0               **************
 ***************         running entity index=6           **************
 ***********************************************************************

  

REFINAMIENTO DEL DOMINIO DE LA ECUACIÓN DE CALOR EN UNA SOLA DIMENSION (X)
dU/dt - K * d2U/dx2 = f(x,t)

Resuelve la ecuacion en el dominio
 0.45455E+00 < x <  0.54545E+00
 Con          10  puntos en direccion x
El valor de delta x es  0.82645E-02
El valor de delta t es  0.33333E-01
El valor de kappa es  0.62500E-01
El valor de CFL  0.30502E+02


 Condiciones iniciales
       X               U
#Tiempo=   0.20000E+00
 0.45455E+00      0.34158E+00
 0.46281E+00      0.27948E+00
 0.47107E+00      0.21737E+00
 0.47934E+00      0.15526E+00
 0.48760E+00      0.93159E-01
 0.49587E+00      0.31053E-01
 0.50413E+00     -0.31053E-01
 0.51240E+00     -0.93159E-01
 0.52066E+00     -0.15526E+00
 0.52893E+00     -0.21737E+00
 0.53719E+00     -0.27948E+00
 0.54545E+00     -0.34158E+00
 ***********************************************************************
 ***************       output file for process of         **************
 ***************            branch=1 rank=0               **************
 ***************         running entity index=5           **************
 ***********************************************************************

Refinamiento
#Tiempo=   0.20000E+00
 0.45455E+00      0.34158E+00
 0.46281E+00      0.27948E+00
 0.47107E+00      0.21737E+00
 0.47934E+00      0.15526E+00
 0.48760E+00      0.93159E-01
 0.49587E+00      0.31053E-01
 0.50413E+00     -0.31053E-01
 0.51240E+00     -0.93159E-01
 0.52066E+00     -0.15526E+00
 0.52893E+00     -0.21737E+00
 0.53719E+00     -0.27948E+00
 0.54545E+00     -0.34158E+00

